C:\Users\DongDuk\Desktop\20190975\Day2\day2\day2_2\Debug\cl.command.1.tlog
C:\Users\DongDuk\Desktop\20190975\Day2\day2\day2_2\Debug\CL.read.1.tlog
C:\Users\DongDuk\Desktop\20190975\Day2\day2\day2_2\Debug\CL.write.1.tlog
C:\USERS\DONGDUK\DESKTOP\20190975\DAY2\DAY2\DAY2_2\DEBUG\DAY2_2.EXE.EMBED.MANIFEST
C:\USERS\DONGDUK\DESKTOP\20190975\DAY2\DAY2\DAY2_2\DEBUG\DAY2_2.EXE.EMBED.MANIFEST.RES
C:\USERS\DONGDUK\DESKTOP\20190975\DAY2\DAY2\DAY2_2\DEBUG\DAY2_2.EXE.INTERMEDIATE.MANIFEST
C:\USERS\DONGDUK\DESKTOP\20190975\DAY2\DAY2\DAY2_2\DEBUG\DAY2_2.OBJ
C:\Users\DongDuk\Desktop\20190975\Day2\day2\day2_2\Debug\day2_2.write.1.tlog
C:\Users\DongDuk\Desktop\20190975\Day2\day2\day2_2\Debug\day2_2_manifest.rc
C:\Users\DongDuk\Desktop\20190975\Day2\day2\day2_2\Debug\link.8056.read.1.tlog
C:\Users\DongDuk\Desktop\20190975\Day2\day2\day2_2\Debug\link.8056.write.1.tlog
C:\Users\DongDuk\Desktop\20190975\Day2\day2\day2_2\Debug\link.8056-cvtres.read.1.tlog
C:\Users\DongDuk\Desktop\20190975\Day2\day2\day2_2\Debug\link.8056-cvtres.write.1.tlog
C:\Users\DongDuk\Desktop\20190975\Day2\day2\day2_2\Debug\link.command.1.tlog
C:\Users\DongDuk\Desktop\20190975\Day2\day2\day2_2\Debug\link.read.1.tlog
C:\Users\DongDuk\Desktop\20190975\Day2\day2\day2_2\Debug\link.write.1.tlog
C:\Users\DongDuk\Desktop\20190975\Day2\day2\day2_2\Debug\link-cvtres.read.1.tlog
C:\Users\DongDuk\Desktop\20190975\Day2\day2\day2_2\Debug\link-cvtres.write.1.tlog
C:\Users\DongDuk\Desktop\20190975\Day2\day2\day2_2\Debug\mt.command.1.tlog
C:\Users\DongDuk\Desktop\20190975\Day2\day2\day2_2\Debug\mt.read.1.tlog
C:\Users\DongDuk\Desktop\20190975\Day2\day2\day2_2\Debug\mt.write.1.tlog
C:\Users\DongDuk\Desktop\20190975\Day2\day2\day2_2\Debug\rc.command.1.tlog
C:\Users\DongDuk\Desktop\20190975\Day2\day2\day2_2\Debug\rc.read.1.tlog
C:\Users\DongDuk\Desktop\20190975\Day2\day2\day2_2\Debug\rc.write.1.tlog
C:\Users\DongDuk\Desktop\20190975\Day2\day2\day2_2\Debug\vc100.idb
C:\USERS\DONGDUK\DESKTOP\20190975\DAY2\DAY2\DAY2_2\DEBUG\VC100.PDB
C:\USERS\DONGDUK\DESKTOP\20190975\DAY2\DAY2\DEBUG\DAY2_2.EXE
C:\USERS\DONGDUK\DESKTOP\20190975\DAY2\DAY2\DEBUG\DAY2_2.ILK
C:\USERS\DONGDUK\DESKTOP\20190975\DAY2\DAY2\DEBUG\DAY2_2.PDB
